<?xml version="1.0" encoding="UTF-8"?>
<!-- Generated by org.testng.reporters.JUnitXMLReporter -->
<testsuite ignored="10" hostname="DESKTOP-57NG131" failures="0" tests="0" name="Chrome Test" time="0.196" errors="0" timestamp="2024-04-11T22:00:13 IST">
  <testcase classname="com.testcases.Demo" name="testOne" time="0.0">
    <ignored/>
  </testcase> <!-- testOne -->
  <testcase classname="com.testcases.Demo" name="testTwo" time="0.0">
    <ignored/>
  </testcase> <!-- testTwo -->
  <testcase classname="com.testcases.Demo" name="testSeven" time="0.0">
    <ignored/>
  </testcase> <!-- testSeven -->
  <testcase classname="com.testcases.Demo" name="testNine" time="0.0">
    <ignored/>
  </testcase> <!-- testNine -->
  <testcase classname="com.testcases.Demo" name="testFive" time="0.0">
    <ignored/>
  </testcase> <!-- testFive -->
  <testcase classname="com.testcases.Demo" name="testTen" time="0.0">
    <ignored/>
  </testcase> <!-- testTen -->
  <testcase classname="com.testcases.Demo" name="testFour" time="0.0">
    <ignored/>
  </testcase> <!-- testFour -->
  <testcase classname="com.testcases.Demo" name="testEight" time="0.0">
    <ignored/>
  </testcase> <!-- testEight -->
  <testcase classname="com.testcases.Demo" name="testSix" time="0.0">
    <ignored/>
  </testcase> <!-- testSix -->
  <testcase classname="com.testcases.Demo" name="testThree" time="0.0">
    <ignored/>
  </testcase> <!-- testThree -->
</testsuite> <!-- Chrome Test -->
