<?xml version="1.0" encoding="UTF-8"?>
<!-- Generated by org.testng.reporters.JUnitXMLReporter -->
<testsuite ignored="0" hostname="DESKTOP-57NG131" failures="0" tests="10" name="EdgeTest" time="0.496" errors="0" timestamp="2024-03-16T21:20:51 IST">
  <testcase classname="com.testcases.Demo" name="testFive" time="0.07"/>
  <testcase classname="com.testcases.Demo" name="testEight" time="0.07"/>
  <testcase classname="com.testcases.Demo" name="testNine" time="0.065"/>
  <testcase classname="com.testcases.Demo" name="testSix" time="0.008"/>
  <testcase classname="com.testcases.Demo" name="testTen" time="0.009"/>
  <testcase classname="com.testcases.Demo" name="testThree" time="0.014"/>
  <testcase classname="com.testcases.Demo" name="testTwo" time="0.017"/>
  <testcase classname="com.testcases.Demo" name="testSeven" time="0.009"/>
  <testcase classname="com.testcases.Demo" name="testFour" time="0.387"/>
  <testcase classname="com.testcases.Demo" name="testOne" time="0.398"/>
</testsuite> <!-- EdgeTest -->
