<?xml version="1.0" encoding="UTF-8"?>
<!-- Generated by org.testng.reporters.JUnitXMLReporter -->
<testsuite ignored="0" hostname="DESKTOP-S54S9MI" failures="0" tests="10" name="EdgeTest" time="0.44" errors="0" timestamp="2023-10-19T21:41:30 IST">
  <testcase classname="com.testcases.Demo" name="testOne" time="0.057"/>
  <testcase classname="com.testcases.Demo" name="testFour" time="0.065"/>
  <testcase classname="com.testcases.Demo" name="testNine" time="0.064"/>
  <testcase classname="com.testcases.Demo" name="testSeven" time="0.002"/>
  <testcase classname="com.testcases.Demo" name="testSix" time="0.01"/>
  <testcase classname="com.testcases.Demo" name="testThree" time="0.006"/>
  <testcase classname="com.testcases.Demo" name="testEight" time="0.063"/>
  <testcase classname="com.testcases.Demo" name="testTen" time="0.004"/>
  <testcase classname="com.testcases.Demo" name="testTwo" time="0.004"/>
  <testcase classname="com.testcases.Demo" name="testFive" time="0.348"/>
</testsuite> <!-- EdgeTest -->
