<?xml version="1.0" encoding="UTF-8"?>
<testng-results ignored="0" total="1" passed="1" failed="0" skipped="0">
  <reporter-output>
  </reporter-output>
  <suite started-at="2023-07-28T23:07:18 IST" name="Default suite" finished-at="2023-07-28T23:08:12 IST" duration-ms="54682">
    <groups>
    </groups>
    <test started-at="2023-07-28T23:07:18 IST" name="Default test" finished-at="2023-07-28T23:08:12 IST" duration-ms="54682">
      <class name="selenium.ParabankSuite.TestBuild">
        <test-method signature="launchApplication()[pri:0, instance:selenium.ParabankSuite.TestBuild@7b36aa0c]" started-at="2023-07-28T23:07:18 IST" name="launchApplication" finished-at="2023-07-28T23:08:12 IST" duration-ms="54578" status="PASS">
          <reporter-output>
          </reporter-output>
        </test-method> <!-- launchApplication -->
      </class> <!-- selenium.ParabankSuite.TestBuild -->
    </test> <!-- Default test -->
  </suite> <!-- Default suite -->
</testng-results>
